<?xml version="1.0" encoding="UTF-8"?>
<testng-results ignored="0" total="1" passed="1" failed="0" skipped="0">
  <reporter-output>
  </reporter-output>
  <suite started-at="2023-10-25T17:19:14 IST" name="Default suite" finished-at="2023-10-25T17:19:24 IST" duration-ms="9240">
    <groups>
    </groups>
    <test started-at="2023-10-25T17:19:14 IST" name="Default test" finished-at="2023-10-25T17:19:24 IST" duration-ms="9240">
      <class name="testScripts.LoginTest">
        <test-method is-config="true" signature="browserSetUp()[pri:0, instance:testScripts.LoginTest@359f7cdf]" started-at="2023-10-25T17:19:14 IST" name="browserSetUp" finished-at="2023-10-25T17:19:21 IST" duration-ms="6805" status="PASS">
          <reporter-output>
          </reporter-output>
        </test-method> <!-- browserSetUp -->
        <test-method signature="loginTest(java.lang.String,java.lang.String)[pri:0, instance:testScripts.LoginTest@359f7cdf]" started-at="2023-10-25T17:19:22 IST" name="loginTest" data-provider="loginData" finished-at="2023-10-25T17:19:23 IST" duration-ms="1395" status="PASS">
          <params>
            <param index="0">
              <value>
                <![CDATA[mahammad630325383@gmail.com]]>
              </value>
            </param>
            <param index="1">
              <value>
                <![CDATA[Kaja@1234]]>
              </value>
            </param>
          </params>
          <reporter-output>
          </reporter-output>
        </test-method> <!-- loginTest -->
        <test-method is-config="true" signature="browserTearDown()[pri:0, instance:testScripts.LoginTest@359f7cdf]" started-at="2023-10-25T17:19:23 IST" name="browserTearDown" finished-at="2023-10-25T17:19:24 IST" duration-ms="260" status="PASS">
          <reporter-output>
          </reporter-output>
        </test-method> <!-- browserTearDown -->
      </class> <!-- testScripts.LoginTest -->
    </test> <!-- Default test -->
  </suite> <!-- Default suite -->
</testng-results>
